<?xml version="1.0" encoding="UTF-8"?>
<!-- Generated by org.testng.reporters.JUnitReportReporter -->
<testsuite hostname="LAPTOP-09VFGFB4" failures="0" tests="3" name="com.soumili.Test_Locators_Time" time="0.508" errors="0" timestamp="2021-12-30T10:57:33 IST" skipped="0">
  <testcase classname="com.soumili.Test_Locators_Time" name="testCssLocators" time="0.305"/>
  <system-out/>
  <testcase classname="com.soumili.Test_Locators_Time" name="testXpath" time="0.060"/>
  <system-out/>
  <testcase classname="com.soumili.Test_Locators_Time" name="testID" time="0.143"/>
  <system-out/>
</testsuite> <!-- com.soumili.Test_Locators_Time -->
