<?xml version="1.0" encoding="UTF-8"?>
<!-- Generated by org.testng.reporters.JUnitReportReporter -->
<testsuite hostname="LAPTOP-09VFGFB4" failures="0" tests="1" name="com.test.Test99GuruLogin" time="1.665" errors="0" timestamp="2021-12-30T12:48:32 IST" skipped="0">
  <testcase classname="com.test.Test99GuruLogin" name="test_Home_Page_Appear_Correct" time="1.665"/>
  <system-out/>
</testsuite> <!-- com.test.Test99GuruLogin -->
